<?xml version="1.0" encoding="UTF-8"?>
<testsuite xmlns:xsi="http://www.w3.org/2001/XMLSchema-instance" xsi:noNamespaceSchemaLocation="https://maven.apache.org/surefire/maven-surefire-plugin/xsd/surefire-test-report.xsd" name="com.ex.web.services.AlbumServiceTest" time="115.445" tests="7" errors="1" skipped="0" failures="2">
  <properties>
    <property name="sun.desktop" value="windows"/>
    <property name="awt.toolkit" value="sun.awt.windows.WToolkit"/>
    <property name="file.encoding.pkg" value="sun.io"/>
    <property name="java.specification.version" value="1.8"/>
    <property name="sun.cpu.isalist" value="amd64"/>
    <property name="sun.jnu.encoding" value="Cp1252"/>
    <property name="java.class.path" value="C:\Users\Siegfried\Documents\Revature Official\Project testing\target\test-classes;C:\Users\Siegfried\Documents\Revature Official\Project testing\target\classes;C:\Users\Siegfried\.m2\repository\junit\junit\4.12\junit-4.12.jar;C:\Users\Siegfried\.m2\repository\org\hamcrest\hamcrest-core\1.3\hamcrest-core-1.3.jar;C:\Users\Siegfried\.m2\repository\javax\servlet\javax.servlet-api\3.1.0\javax.servlet-api-3.1.0.jar;C:\Users\Siegfried\.m2\repository\org\springframework\spring-webmvc\4.3.27.RELEASE\spring-webmvc-4.3.27.RELEASE.jar;C:\Users\Siegfried\.m2\repository\org\springframework\spring-aop\4.3.27.RELEASE\spring-aop-4.3.27.RELEASE.jar;C:\Users\Siegfried\.m2\repository\org\springframework\spring-beans\4.3.27.RELEASE\spring-beans-4.3.27.RELEASE.jar;C:\Users\Siegfried\.m2\repository\org\springframework\spring-core\4.3.27.RELEASE\spring-core-4.3.27.RELEASE.jar;C:\Users\Siegfried\.m2\repository\commons-logging\commons-logging\1.2\commons-logging-1.2.jar;C:\Users\Siegfried\.m2\repository\org\springframework\spring-expression\4.3.27.RELEASE\spring-expression-4.3.27.RELEASE.jar;C:\Users\Siegfried\.m2\repository\org\springframework\spring-web\4.3.27.RELEASE\spring-web-4.3.27.RELEASE.jar;C:\Users\Siegfried\.m2\repository\org\springframework\spring-test\4.3.27.RELEASE\spring-test-4.3.27.RELEASE.jar;C:\Users\Siegfried\.m2\repository\org\springframework\spring-context\4.3.27.RELEASE\spring-context-4.3.27.RELEASE.jar;C:\Users\Siegfried\.m2\repository\org\springframework\spring-orm\4.3.27.RELEASE\spring-orm-4.3.27.RELEASE.jar;C:\Users\Siegfried\.m2\repository\org\springframework\spring-jdbc\4.3.27.RELEASE\spring-jdbc-4.3.27.RELEASE.jar;C:\Users\Siegfried\.m2\repository\org\springframework\spring-tx\4.3.27.RELEASE\spring-tx-4.3.27.RELEASE.jar;C:\Users\Siegfried\.m2\repository\org\hibernate\hibernate-core\4.3.11.Final\hibernate-core-4.3.11.Final.jar;C:\Users\Siegfried\.m2\repository\org\jboss\logging\jboss-logging\3.1.3.GA\jboss-logging-3.1.3.GA.jar;C:\Users\Siegfried\.m2\repository\org\jboss\logging\jboss-logging-annotations\1.2.0.Beta1\jboss-logging-annotations-1.2.0.Beta1.jar;C:\Users\Siegfried\.m2\repository\org\jboss\spec\javax\transaction\jboss-transaction-api_1.2_spec\1.0.0.Final\jboss-transaction-api_1.2_spec-1.0.0.Final.jar;C:\Users\Siegfried\.m2\repository\dom4j\dom4j\1.6.1\dom4j-1.6.1.jar;C:\Users\Siegfried\.m2\repository\xml-apis\xml-apis\1.0.b2\xml-apis-1.0.b2.jar;C:\Users\Siegfried\.m2\repository\org\hibernate\common\hibernate-commons-annotations\4.0.5.Final\hibernate-commons-annotations-4.0.5.Final.jar;C:\Users\Siegfried\.m2\repository\org\hibernate\javax\persistence\hibernate-jpa-2.1-api\1.0.0.Final\hibernate-jpa-2.1-api-1.0.0.Final.jar;C:\Users\Siegfried\.m2\repository\org\javassist\javassist\3.18.1-GA\javassist-3.18.1-GA.jar;C:\Users\Siegfried\.m2\repository\antlr\antlr\2.7.7\antlr-2.7.7.jar;C:\Users\Siegfried\.m2\repository\org\jboss\jandex\1.1.0.Final\jandex-1.1.0.Final.jar;C:\Users\Siegfried\.m2\repository\org\hibernate\hibernate-entitymanager\4.3.11.Final\hibernate-entitymanager-4.3.11.Final.jar;C:\Users\Siegfried\.m2\repository\org\postgresql\postgresql\42.2.5\postgresql-42.2.5.jar;C:\Users\Siegfried\.m2\repository\commons-dbcp\commons-dbcp\1.4\commons-dbcp-1.4.jar;C:\Users\Siegfried\.m2\repository\commons-pool\commons-pool\1.5.4\commons-pool-1.5.4.jar;C:\Users\Siegfried\.m2\repository\com\fasterxml\jackson\core\jackson-core\2.9.6\jackson-core-2.9.6.jar;C:\Users\Siegfried\.m2\repository\com\fasterxml\jackson\core\jackson-annotations\2.9.6\jackson-annotations-2.9.6.jar;C:\Users\Siegfried\.m2\repository\com\fasterxml\jackson\core\jackson-databind\2.9.6\jackson-databind-2.9.6.jar;"/>
    <property name="java.vm.vendor" value="Oracle Corporation"/>
    <property name="sun.arch.data.model" value="64"/>
    <property name="user.variant" value=""/>
    <property name="java.vendor.url" value="http://java.oracle.com/"/>
    <property name="user.timezone" value="America/Chicago"/>
    <property name="java.vm.specification.version" value="1.8"/>
    <property name="os.name" value="Windows 10"/>
    <property name="user.country" value="US"/>
    <property name="sun.java.launcher" value="SUN_STANDARD"/>
    <property name="sun.boot.library.path" value="C:\Users\Siegfried\scoop\apps\adopt8-upstream\current\jre\bin"/>
    <property name="sun.java.command" value="C:\Users\SIEGFR~1\AppData\Local\Temp\surefire6659685834955589108\surefirebooter4803168219264502123.jar C:\Users\Siegfried\AppData\Local\Temp\surefire6659685834955589108 2020-08-30T12-05-09_671-jvmRun1 surefire1790957048262875471tmp surefire_0541981376775558111tmp"/>
    <property name="surefire.test.class.path" value="C:\Users\Siegfried\Documents\Revature Official\Project testing\target\test-classes;C:\Users\Siegfried\Documents\Revature Official\Project testing\target\classes;C:\Users\Siegfried\.m2\repository\junit\junit\4.12\junit-4.12.jar;C:\Users\Siegfried\.m2\repository\org\hamcrest\hamcrest-core\1.3\hamcrest-core-1.3.jar;C:\Users\Siegfried\.m2\repository\javax\servlet\javax.servlet-api\3.1.0\javax.servlet-api-3.1.0.jar;C:\Users\Siegfried\.m2\repository\org\springframework\spring-webmvc\4.3.27.RELEASE\spring-webmvc-4.3.27.RELEASE.jar;C:\Users\Siegfried\.m2\repository\org\springframework\spring-aop\4.3.27.RELEASE\spring-aop-4.3.27.RELEASE.jar;C:\Users\Siegfried\.m2\repository\org\springframework\spring-beans\4.3.27.RELEASE\spring-beans-4.3.27.RELEASE.jar;C:\Users\Siegfried\.m2\repository\org\springframework\spring-core\4.3.27.RELEASE\spring-core-4.3.27.RELEASE.jar;C:\Users\Siegfried\.m2\repository\commons-logging\commons-logging\1.2\commons-logging-1.2.jar;C:\Users\Siegfried\.m2\repository\org\springframework\spring-expression\4.3.27.RELEASE\spring-expression-4.3.27.RELEASE.jar;C:\Users\Siegfried\.m2\repository\org\springframework\spring-web\4.3.27.RELEASE\spring-web-4.3.27.RELEASE.jar;C:\Users\Siegfried\.m2\repository\org\springframework\spring-test\4.3.27.RELEASE\spring-test-4.3.27.RELEASE.jar;C:\Users\Siegfried\.m2\repository\org\springframework\spring-context\4.3.27.RELEASE\spring-context-4.3.27.RELEASE.jar;C:\Users\Siegfried\.m2\repository\org\springframework\spring-orm\4.3.27.RELEASE\spring-orm-4.3.27.RELEASE.jar;C:\Users\Siegfried\.m2\repository\org\springframework\spring-jdbc\4.3.27.RELEASE\spring-jdbc-4.3.27.RELEASE.jar;C:\Users\Siegfried\.m2\repository\org\springframework\spring-tx\4.3.27.RELEASE\spring-tx-4.3.27.RELEASE.jar;C:\Users\Siegfried\.m2\repository\org\hibernate\hibernate-core\4.3.11.Final\hibernate-core-4.3.11.Final.jar;C:\Users\Siegfried\.m2\repository\org\jboss\logging\jboss-logging\3.1.3.GA\jboss-logging-3.1.3.GA.jar;C:\Users\Siegfried\.m2\repository\org\jboss\logging\jboss-logging-annotations\1.2.0.Beta1\jboss-logging-annotations-1.2.0.Beta1.jar;C:\Users\Siegfried\.m2\repository\org\jboss\spec\javax\transaction\jboss-transaction-api_1.2_spec\1.0.0.Final\jboss-transaction-api_1.2_spec-1.0.0.Final.jar;C:\Users\Siegfried\.m2\repository\dom4j\dom4j\1.6.1\dom4j-1.6.1.jar;C:\Users\Siegfried\.m2\repository\xml-apis\xml-apis\1.0.b2\xml-apis-1.0.b2.jar;C:\Users\Siegfried\.m2\repository\org\hibernate\common\hibernate-commons-annotations\4.0.5.Final\hibernate-commons-annotations-4.0.5.Final.jar;C:\Users\Siegfried\.m2\repository\org\hibernate\javax\persistence\hibernate-jpa-2.1-api\1.0.0.Final\hibernate-jpa-2.1-api-1.0.0.Final.jar;C:\Users\Siegfried\.m2\repository\org\javassist\javassist\3.18.1-GA\javassist-3.18.1-GA.jar;C:\Users\Siegfried\.m2\repository\antlr\antlr\2.7.7\antlr-2.7.7.jar;C:\Users\Siegfried\.m2\repository\org\jboss\jandex\1.1.0.Final\jandex-1.1.0.Final.jar;C:\Users\Siegfried\.m2\repository\org\hibernate\hibernate-entitymanager\4.3.11.Final\hibernate-entitymanager-4.3.11.Final.jar;C:\Users\Siegfried\.m2\repository\org\postgresql\postgresql\42.2.5\postgresql-42.2.5.jar;C:\Users\Siegfried\.m2\repository\commons-dbcp\commons-dbcp\1.4\commons-dbcp-1.4.jar;C:\Users\Siegfried\.m2\repository\commons-pool\commons-pool\1.5.4\commons-pool-1.5.4.jar;C:\Users\Siegfried\.m2\repository\com\fasterxml\jackson\core\jackson-core\2.9.6\jackson-core-2.9.6.jar;C:\Users\Siegfried\.m2\repository\com\fasterxml\jackson\core\jackson-annotations\2.9.6\jackson-annotations-2.9.6.jar;C:\Users\Siegfried\.m2\repository\com\fasterxml\jackson\core\jackson-databind\2.9.6\jackson-databind-2.9.6.jar;"/>
    <property name="sun.cpu.endian" value="little"/>
    <property name="user.home" value="C:\Users\Siegfried"/>
    <property name="user.language" value="en"/>
    <property name="java.specification.vendor" value="Oracle Corporation"/>
    <property name="java.home" value="C:\Users\Siegfried\scoop\apps\adopt8-upstream\current\jre"/>
    <property name="basedir" value="C:\Users\Siegfried\Documents\Revature Official\Project testing"/>
    <property name="file.separator" value="\"/>
    <property name="line.separator" value="&#10;"/>
    <property name="java.vm.specification.vendor" value="Oracle Corporation"/>
    <property name="java.specification.name" value="Java Platform API Specification"/>
    <property name="java.awt.graphicsenv" value="sun.awt.Win32GraphicsEnvironment"/>
    <property name="surefire.real.class.path" value="C:\Users\SIEGFR~1\AppData\Local\Temp\surefire6659685834955589108\surefirebooter4803168219264502123.jar"/>
    <property name="sun.boot.class.path" value="C:\Users\Siegfried\scoop\apps\adopt8-upstream\current\jre\lib\resources.jar;C:\Users\Siegfried\scoop\apps\adopt8-upstream\current\jre\lib\rt.jar;C:\Users\Siegfried\scoop\apps\adopt8-upstream\current\jre\lib\sunrsasign.jar;C:\Users\Siegfried\scoop\apps\adopt8-upstream\current\jre\lib\jsse.jar;C:\Users\Siegfried\scoop\apps\adopt8-upstream\current\jre\lib\jce.jar;C:\Users\Siegfried\scoop\apps\adopt8-upstream\current\jre\lib\charsets.jar;C:\Users\Siegfried\scoop\apps\adopt8-upstream\current\jre\lib\jfr.jar;C:\Users\Siegfried\scoop\apps\adopt8-upstream\current\jre\classes"/>
    <property name="user.script" value=""/>
    <property name="sun.management.compiler" value="HotSpot 64-Bit Tiered Compilers"/>
    <property name="java.runtime.version" value="1.8.0_252-b09"/>
    <property name="user.name" value="Siegfried"/>
    <property name="path.separator" value=";"/>
    <property name="os.version" value="10.0"/>
    <property name="java.endorsed.dirs" value="C:\Users\Siegfried\scoop\apps\adopt8-upstream\current\jre\lib\endorsed"/>
    <property name="java.runtime.name" value="OpenJDK Runtime Environment"/>
    <property name="file.encoding" value="Cp1252"/>
    <property name="java.vm.name" value="OpenJDK 64-Bit Server VM"/>
    <property name="localRepository" value="C:\Users\Siegfried\.m2\repository"/>
    <property name="java.vendor.url.bug" value="http://bugreport.sun.com/bugreport/"/>
    <property name="java.io.tmpdir" value="C:\Users\SIEGFR~1\AppData\Local\Temp\"/>
    <property name="java.version" value="1.8.0_252"/>
    <property name="user.dir" value="C:\Users\Siegfried\Documents\Revature Official\Project testing"/>
    <property name="os.arch" value="amd64"/>
    <property name="java.vm.specification.name" value="Java Virtual Machine Specification"/>
    <property name="java.awt.printerjob" value="sun.awt.windows.WPrinterJob"/>
    <property name="sun.os.patch.level" value=""/>
    <property name="java.library.path" value="C:\Users\Siegfried\scoop\apps\adopt8-upstream\current\jre\bin;C:\WINDOWS\Sun\Java\bin;C:\WINDOWS\system32;C:\WINDOWS;C:\Users\Siegfried\bin;C:\Program Files\Git\mingw64\bin;C:\Program Files\Git\usr\local\bin;C:\Program Files\Git\usr\bin;C:\Program Files\Git\usr\bin;C:\Program Files\Git\mingw64\bin;C:\Program Files\Git\usr\bin;C:\Users\Siegfried\bin;C:\Python38\Scripts;C:\Python38;C:\app\Siegfried\product\12.2.0\dbhome_1\bin;C:\Python27;C:\Python27\Scripts;C:\WINDOWS\system32;C:\WINDOWS;C:\WINDOWS\System32\Wbem;C:\WINDOWS\System32\WindowsPowerShell\v1.0;C:\WINDOWS\System32\OpenSSH;C:\ProgramData\chocolatey\bin;C:\HashiCorp\Vagrant\bin;C:\Program Files\Git\cmd;C:\Program Files\Amazon\AWSCLI\bin;C:\Program Files\dotnet;C:\Program Files\Microsoft SQL Server\130\Tools\Binn;C:\Program Files\Microsoft SQL Server\Client SDK\ODBC\170\Tools\Binn;C:\Program Files\nodejs;C:\Program Files\Docker\Docker\resources\bin;C:\ProgramData\DockerDesktop\version-bin;C:\Users\Siegfried\scoop\apps\adopt8-upstream\8u252-b09\bin;C:\Users\Siegfried\scoop\apps\oraclejdk\current\bin;C:\Users\Siegfried\scoop\apps\maven\current\bin;C:\Users\Siegfried\scoop\apps\adopt8-upstream\current\bin;C:\Users\Siegfried\scoop\shims;C:\Users\Siegfried\AppData\Local\Microsoft\WindowsApps;C:\Users\Siegfried\AppData\Local\atom\bin;C:\Python27;C:\Python27\Scripts;C:\Users\Siegfried\.dotnet\tools;C:\Users\Siegfried\AppData\Local\GitHubDesktop\bin;C:\Users\Siegfried\AppData\Local\Programs\Microsoft VS Code\bin;C:\Users\Siegfried\AppData\Roaming\npm;%USERPROFILE%\AppData\Local\Microsoft\WindowsApps;C:\Program Files\Git\usr\bin\vendor_perl;C:\Program Files\Git\usr\bin\core_perl;."/>
    <property name="java.vm.info" value="mixed mode"/>
    <property name="java.vendor" value="Oracle Corporation"/>
    <property name="java.vm.version" value="25.252-b09"/>
    <property name="java.ext.dirs" value="C:\Users\Siegfried\scoop\apps\adopt8-upstream\current\jre\lib\ext;C:\WINDOWS\Sun\Java\lib\ext"/>
    <property name="sun.io.unicode.encoding" value="UnicodeLittle"/>
    <property name="java.class.version" value="52.0"/>
  </properties>
  <testcase name="testGetAllAlbums" classname="com.ex.web.services.AlbumServiceTest" time="18.678">
    <error message="No CurrentSessionContext configured!" type="org.hibernate.HibernateException">org.hibernate.HibernateException: No CurrentSessionContext configured!
	at com.ex.web.services.AlbumServiceTest.testGetAllAlbums(AlbumServiceTest.java:31)
</error>
    <system-err><![CDATA[Aug 30, 2020 12:05:11 PM org.hibernate.annotations.common.reflection.java.JavaReflectionManager <clinit>
INFO: HCANN000001: Hibernate Commons Annotations {4.0.5.Final}
Aug 30, 2020 12:05:11 PM org.hibernate.Version logVersion
INFO: HHH000412: Hibernate Core {4.3.11.Final}
Aug 30, 2020 12:05:11 PM org.hibernate.cfg.Environment <clinit>
INFO: HHH000206: hibernate.properties not found
Aug 30, 2020 12:05:11 PM org.hibernate.cfg.Environment buildBytecodeProvider
INFO: HHH000021: Bytecode provider name : javassist
Aug 30, 2020 12:05:11 PM org.hibernate.cfg.Configuration configure
INFO: HHH000043: Configuring from resource: hibernate.cfg.xml
Aug 30, 2020 12:05:11 PM org.hibernate.cfg.Configuration getConfigurationInputStream
INFO: HHH000040: Configuration resource: hibernate.cfg.xml
Aug 30, 2020 12:05:11 PM org.hibernate.internal.util.xml.DTDEntityResolver resolveEntity
WARN: HHH000223: Recognized obsolete hibernate namespace http://hibernate.sourceforge.net/. Use namespace http://www.hibernate.org/dtd/ instead. Refer to Hibernate 3.6 Migration Guide!
Aug 30, 2020 12:05:11 PM org.hibernate.cfg.Configuration doConfigure
INFO: HHH000041: Configured SessionFactory: null
Aug 30, 2020 12:05:11 PM org.hibernate.engine.jdbc.connections.internal.DriverManagerConnectionProviderImpl configure
WARN: HHH000402: Using Hibernate built-in connection pool (not for production use!)
Aug 30, 2020 12:05:11 PM org.hibernate.engine.jdbc.connections.internal.DriverManagerConnectionProviderImpl buildCreator
INFO: HHH000401: using driver [org.postgresql.Driver] at URL [jdbc:postgresql://postgres.c3ynkxcfuk8l.us-east-2.rds.amazonaws.com:5432/postgres]
Aug 30, 2020 12:05:11 PM org.hibernate.engine.jdbc.connections.internal.DriverManagerConnectionProviderImpl buildCreator
INFO: HHH000046: Connection properties: {user=kingroot, password=****}
Aug 30, 2020 12:05:11 PM org.hibernate.engine.jdbc.connections.internal.DriverManagerConnectionProviderImpl buildCreator
INFO: HHH000006: Autocommit mode: false
Aug 30, 2020 12:05:11 PM org.hibernate.engine.jdbc.connections.internal.DriverManagerConnectionProviderImpl configure
INFO: HHH000115: Hibernate connection pool size: 20 (min=1)
Aug 30, 2020 12:05:28 PM org.hibernate.dialect.Dialect <init>
INFO: HHH000400: Using dialect: org.hibernate.dialect.PostgreSQL9Dialect
Aug 30, 2020 12:05:28 PM org.hibernate.engine.jdbc.internal.LobCreatorBuilder useContextualLobCreation
INFO: HHH000424: Disabling contextual LOB creation as createClob() method threw error : java.lang.reflect.InvocationTargetException
Aug 30, 2020 12:05:29 PM org.hibernate.engine.transaction.internal.TransactionFactoryInitiator initiateService
INFO: HHH000399: Using default transaction strategy (direct JDBC transactions)
Aug 30, 2020 12:05:29 PM org.hibernate.hql.internal.ast.ASTQueryTranslatorFactory <init>
INFO: HHH000397: Using ASTQueryTranslatorFactory
Aug 30, 2020 12:05:29 PM org.hibernate.cfg.SettingsFactory buildSettings
WARN: Unrecognized value for "hibernate.hbm2ddl.auto": none
]]></system-err>
  </testcase>
  <testcase name="testGetAlbumsByGenre" classname="com.ex.web.services.AlbumServiceTest" time="16.76">
    <failure message="Got Genre by ID expected:&lt;[Aladdin Sane]&gt; but was:&lt;[Bowie pop]&gt;" type="junit.framework.ComparisonFailure"><![CDATA[junit.framework.ComparisonFailure: Got Genre by ID expected:<[Aladdin Sane]> but was:<[Bowie pop]>
	at com.ex.web.services.AlbumServiceTest.testGetAlbumsByGenre(AlbumServiceTest.java:36)
]]></failure>
    <system-out><![CDATA[Hibernate: 
    select
        albums0_.album_id as album_id1_0_,
        albums0_.album_art as album_ar2_0_,
        albums0_.album_title as album_ti3_0_,
        albums0_.artist_id as artist_i7_0_,
        albums0_.description as descript4_0_,
        albums0_.genre_id as genre_id8_0_,
        albums0_.price as price5_0_,
        albums0_.year_released as year_rel6_0_ 
    from
        project2.albums albums0_ 
    where
        genre_id=?
Hibernate: 
    select
        artists0_.artist_id as artist_i1_1_0_,
        artists0_.artist_name as artist_n2_1_0_,
        artists0_.artist_year as artist_y3_1_0_ 
    from
        project2.artists artists0_ 
    where
        artists0_.artist_id=?
Hibernate: 
    select
        genres0_.genre_id as genre_id1_3_0_,
        genres0_.genre_name as genre_na2_3_0_ 
    from
        project2.genres genres0_ 
    where
        genres0_.genre_id=?
]]></system-out>
    <system-err><![CDATA[Aug 30, 2020 12:05:29 PM org.hibernate.cfg.Configuration configure
INFO: HHH000043: Configuring from resource: hibernate.cfg.xml
Aug 30, 2020 12:05:29 PM org.hibernate.cfg.Configuration getConfigurationInputStream
INFO: HHH000040: Configuration resource: hibernate.cfg.xml
Aug 30, 2020 12:05:29 PM org.hibernate.internal.util.xml.DTDEntityResolver resolveEntity
WARN: HHH000223: Recognized obsolete hibernate namespace http://hibernate.sourceforge.net/. Use namespace http://www.hibernate.org/dtd/ instead. Refer to Hibernate 3.6 Migration Guide!
Aug 30, 2020 12:05:29 PM org.hibernate.cfg.Configuration doConfigure
INFO: HHH000041: Configured SessionFactory: null
Aug 30, 2020 12:05:29 PM org.hibernate.engine.jdbc.connections.internal.DriverManagerConnectionProviderImpl configure
WARN: HHH000402: Using Hibernate built-in connection pool (not for production use!)
Aug 30, 2020 12:05:29 PM org.hibernate.engine.jdbc.connections.internal.DriverManagerConnectionProviderImpl buildCreator
INFO: HHH000401: using driver [org.postgresql.Driver] at URL [jdbc:postgresql://postgres.c3ynkxcfuk8l.us-east-2.rds.amazonaws.com:5432/postgres]
Aug 30, 2020 12:05:29 PM org.hibernate.engine.jdbc.connections.internal.DriverManagerConnectionProviderImpl buildCreator
INFO: HHH000046: Connection properties: {user=kingroot, password=****}
Aug 30, 2020 12:05:29 PM org.hibernate.engine.jdbc.connections.internal.DriverManagerConnectionProviderImpl buildCreator
INFO: HHH000006: Autocommit mode: false
Aug 30, 2020 12:05:29 PM org.hibernate.engine.jdbc.connections.internal.DriverManagerConnectionProviderImpl configure
INFO: HHH000115: Hibernate connection pool size: 20 (min=1)
Aug 30, 2020 12:05:45 PM org.hibernate.dialect.Dialect <init>
INFO: HHH000400: Using dialect: org.hibernate.dialect.PostgreSQL9Dialect
Aug 30, 2020 12:05:45 PM org.hibernate.engine.jdbc.internal.LobCreatorBuilder useContextualLobCreation
INFO: HHH000424: Disabling contextual LOB creation as createClob() method threw error : java.lang.reflect.InvocationTargetException
Aug 30, 2020 12:05:45 PM org.hibernate.engine.transaction.internal.TransactionFactoryInitiator initiateService
INFO: HHH000399: Using default transaction strategy (direct JDBC transactions)
Aug 30, 2020 12:05:45 PM org.hibernate.hql.internal.ast.ASTQueryTranslatorFactory <init>
INFO: HHH000397: Using ASTQueryTranslatorFactory
Aug 30, 2020 12:05:45 PM org.hibernate.cfg.SettingsFactory buildSettings
WARN: Unrecognized value for "hibernate.hbm2ddl.auto": none
]]></system-err>
  </testcase>
  <testcase name="testGetAlbumsByTitle" classname="com.ex.web.services.AlbumServiceTest" time="16.301"/>
  <testcase name="testGetPriceByAlbumId" classname="com.ex.web.services.AlbumServiceTest" time="15.797"/>
  <testcase name="testGetAlbumById" classname="com.ex.web.services.AlbumServiceTest" time="16.097">
    <failure message="Got album by ID expected:&lt;[The Eminem Show]&gt; but was:&lt;[Eminem rap]&gt;" type="junit.framework.ComparisonFailure"><![CDATA[junit.framework.ComparisonFailure: Got album by ID expected:<[The Eminem Show]> but was:<[Eminem rap]>
	at com.ex.web.services.AlbumServiceTest.testGetAlbumById(AlbumServiceTest.java:51)
]]></failure>
    <system-out><![CDATA[Hibernate: 
    select
        this_.album_id as album_id1_0_2_,
        this_.album_art as album_ar2_0_2_,
        this_.album_title as album_ti3_0_2_,
        this_.artist_id as artist_i7_0_2_,
        this_.description as descript4_0_2_,
        this_.genre_id as genre_id8_0_2_,
        this_.price as price5_0_2_,
        this_.year_released as year_rel6_0_2_,
        artists2_.artist_id as artist_i1_1_0_,
        artists2_.artist_name as artist_n2_1_0_,
        artists2_.artist_year as artist_y3_1_0_,
        genres3_.genre_id as genre_id1_3_1_,
        genres3_.genre_name as genre_na2_3_1_ 
    from
        project2.albums this_ 
    left outer join
        project2.artists artists2_ 
            on this_.artist_id=artists2_.artist_id 
    left outer join
        project2.genres genres3_ 
            on this_.genre_id=genres3_.genre_id 
    where
        this_.album_id=?
]]></system-out>
    <system-err><![CDATA[Aug 30, 2020 12:06:18 PM org.hibernate.cfg.Configuration configure
INFO: HHH000043: Configuring from resource: hibernate.cfg.xml
Aug 30, 2020 12:06:18 PM org.hibernate.cfg.Configuration getConfigurationInputStream
INFO: HHH000040: Configuration resource: hibernate.cfg.xml
Aug 30, 2020 12:06:18 PM org.hibernate.internal.util.xml.DTDEntityResolver resolveEntity
WARN: HHH000223: Recognized obsolete hibernate namespace http://hibernate.sourceforge.net/. Use namespace http://www.hibernate.org/dtd/ instead. Refer to Hibernate 3.6 Migration Guide!
Aug 30, 2020 12:06:18 PM org.hibernate.cfg.Configuration doConfigure
INFO: HHH000041: Configured SessionFactory: null
Aug 30, 2020 12:06:18 PM org.hibernate.engine.jdbc.connections.internal.DriverManagerConnectionProviderImpl configure
WARN: HHH000402: Using Hibernate built-in connection pool (not for production use!)
Aug 30, 2020 12:06:18 PM org.hibernate.engine.jdbc.connections.internal.DriverManagerConnectionProviderImpl buildCreator
INFO: HHH000401: using driver [org.postgresql.Driver] at URL [jdbc:postgresql://postgres.c3ynkxcfuk8l.us-east-2.rds.amazonaws.com:5432/postgres]
Aug 30, 2020 12:06:18 PM org.hibernate.engine.jdbc.connections.internal.DriverManagerConnectionProviderImpl buildCreator
INFO: HHH000046: Connection properties: {user=kingroot, password=****}
Aug 30, 2020 12:06:18 PM org.hibernate.engine.jdbc.connections.internal.DriverManagerConnectionProviderImpl buildCreator
INFO: HHH000006: Autocommit mode: false
Aug 30, 2020 12:06:18 PM org.hibernate.engine.jdbc.connections.internal.DriverManagerConnectionProviderImpl configure
INFO: HHH000115: Hibernate connection pool size: 20 (min=1)
Aug 30, 2020 12:06:34 PM org.hibernate.dialect.Dialect <init>
INFO: HHH000400: Using dialect: org.hibernate.dialect.PostgreSQL9Dialect
Aug 30, 2020 12:06:34 PM org.hibernate.engine.jdbc.internal.LobCreatorBuilder useContextualLobCreation
INFO: HHH000424: Disabling contextual LOB creation as createClob() method threw error : java.lang.reflect.InvocationTargetException
Aug 30, 2020 12:06:34 PM org.hibernate.engine.transaction.internal.TransactionFactoryInitiator initiateService
INFO: HHH000399: Using default transaction strategy (direct JDBC transactions)
Aug 30, 2020 12:06:34 PM org.hibernate.hql.internal.ast.ASTQueryTranslatorFactory <init>
INFO: HHH000397: Using ASTQueryTranslatorFactory
Aug 30, 2020 12:06:34 PM org.hibernate.cfg.SettingsFactory buildSettings
WARN: Unrecognized value for "hibernate.hbm2ddl.auto": none
]]></system-err>
  </testcase>
  <testcase name="testGetAlbumDescription" classname="com.ex.web.services.AlbumServiceTest" time="15.688"/>
  <testcase name="testGetAlbumsByArtist" classname="com.ex.web.services.AlbumServiceTest" time="16.079"/>
</testsuite>