<?xml version="1.0" encoding="UTF-8"?>
<testsuite xmlns:xsi="http://www.w3.org/2001/XMLSchema-instance" xsi:noNamespaceSchemaLocation="https://maven.apache.org/surefire/maven-surefire-plugin/xsd/surefire-test-report.xsd" name="com.ex.web.services.UserServiceTest" time="113.705" tests="7" errors="0" skipped="0" failures="0">
  <properties>
    <property name="sun.desktop" value="windows"/>
    <property name="awt.toolkit" value="sun.awt.windows.WToolkit"/>
    <property name="file.encoding.pkg" value="sun.io"/>
    <property name="java.specification.version" value="1.8"/>
    <property name="sun.cpu.isalist" value="amd64"/>
    <property name="sun.jnu.encoding" value="Cp1252"/>
    <property name="java.class.path" value="C:\Users\Siegfried\Documents\Revature Official\Project testing\target\test-classes;C:\Users\Siegfried\Documents\Revature Official\Project testing\target\classes;C:\Users\Siegfried\.m2\repository\junit\junit\4.12\junit-4.12.jar;C:\Users\Siegfried\.m2\repository\org\hamcrest\hamcrest-core\1.3\hamcrest-core-1.3.jar;C:\Users\Siegfried\.m2\repository\javax\servlet\javax.servlet-api\3.1.0\javax.servlet-api-3.1.0.jar;C:\Users\Siegfried\.m2\repository\org\springframework\spring-webmvc\4.3.27.RELEASE\spring-webmvc-4.3.27.RELEASE.jar;C:\Users\Siegfried\.m2\repository\org\springframework\spring-aop\4.3.27.RELEASE\spring-aop-4.3.27.RELEASE.jar;C:\Users\Siegfried\.m2\repository\org\springframework\spring-beans\4.3.27.RELEASE\spring-beans-4.3.27.RELEASE.jar;C:\Users\Siegfried\.m2\repository\org\springframework\spring-core\4.3.27.RELEASE\spring-core-4.3.27.RELEASE.jar;C:\Users\Siegfried\.m2\repository\commons-logging\commons-logging\1.2\commons-logging-1.2.jar;C:\Users\Siegfried\.m2\repository\org\springframework\spring-expression\4.3.27.RELEASE\spring-expression-4.3.27.RELEASE.jar;C:\Users\Siegfried\.m2\repository\org\springframework\spring-web\4.3.27.RELEASE\spring-web-4.3.27.RELEASE.jar;C:\Users\Siegfried\.m2\repository\org\springframework\spring-test\4.3.27.RELEASE\spring-test-4.3.27.RELEASE.jar;C:\Users\Siegfried\.m2\repository\org\springframework\spring-context\4.3.27.RELEASE\spring-context-4.3.27.RELEASE.jar;C:\Users\Siegfried\.m2\repository\org\springframework\spring-orm\4.3.27.RELEASE\spring-orm-4.3.27.RELEASE.jar;C:\Users\Siegfried\.m2\repository\org\springframework\spring-jdbc\4.3.27.RELEASE\spring-jdbc-4.3.27.RELEASE.jar;C:\Users\Siegfried\.m2\repository\org\springframework\spring-tx\4.3.27.RELEASE\spring-tx-4.3.27.RELEASE.jar;C:\Users\Siegfried\.m2\repository\org\hibernate\hibernate-core\4.3.11.Final\hibernate-core-4.3.11.Final.jar;C:\Users\Siegfried\.m2\repository\org\jboss\logging\jboss-logging\3.1.3.GA\jboss-logging-3.1.3.GA.jar;C:\Users\Siegfried\.m2\repository\org\jboss\logging\jboss-logging-annotations\1.2.0.Beta1\jboss-logging-annotations-1.2.0.Beta1.jar;C:\Users\Siegfried\.m2\repository\org\jboss\spec\javax\transaction\jboss-transaction-api_1.2_spec\1.0.0.Final\jboss-transaction-api_1.2_spec-1.0.0.Final.jar;C:\Users\Siegfried\.m2\repository\dom4j\dom4j\1.6.1\dom4j-1.6.1.jar;C:\Users\Siegfried\.m2\repository\xml-apis\xml-apis\1.0.b2\xml-apis-1.0.b2.jar;C:\Users\Siegfried\.m2\repository\org\hibernate\common\hibernate-commons-annotations\4.0.5.Final\hibernate-commons-annotations-4.0.5.Final.jar;C:\Users\Siegfried\.m2\repository\org\hibernate\javax\persistence\hibernate-jpa-2.1-api\1.0.0.Final\hibernate-jpa-2.1-api-1.0.0.Final.jar;C:\Users\Siegfried\.m2\repository\org\javassist\javassist\3.18.1-GA\javassist-3.18.1-GA.jar;C:\Users\Siegfried\.m2\repository\antlr\antlr\2.7.7\antlr-2.7.7.jar;C:\Users\Siegfried\.m2\repository\org\jboss\jandex\1.1.0.Final\jandex-1.1.0.Final.jar;C:\Users\Siegfried\.m2\repository\org\hibernate\hibernate-entitymanager\4.3.11.Final\hibernate-entitymanager-4.3.11.Final.jar;C:\Users\Siegfried\.m2\repository\org\postgresql\postgresql\42.2.5\postgresql-42.2.5.jar;C:\Users\Siegfried\.m2\repository\commons-dbcp\commons-dbcp\1.4\commons-dbcp-1.4.jar;C:\Users\Siegfried\.m2\repository\commons-pool\commons-pool\1.5.4\commons-pool-1.5.4.jar;C:\Users\Siegfried\.m2\repository\com\fasterxml\jackson\core\jackson-core\2.9.6\jackson-core-2.9.6.jar;C:\Users\Siegfried\.m2\repository\com\fasterxml\jackson\core\jackson-annotations\2.9.6\jackson-annotations-2.9.6.jar;C:\Users\Siegfried\.m2\repository\com\fasterxml\jackson\core\jackson-databind\2.9.6\jackson-databind-2.9.6.jar;"/>
    <property name="java.vm.vendor" value="Oracle Corporation"/>
    <property name="sun.arch.data.model" value="64"/>
    <property name="user.variant" value=""/>
    <property name="java.vendor.url" value="http://java.oracle.com/"/>
    <property name="user.timezone" value="America/Chicago"/>
    <property name="java.vm.specification.version" value="1.8"/>
    <property name="os.name" value="Windows 10"/>
    <property name="user.country" value="US"/>
    <property name="sun.java.launcher" value="SUN_STANDARD"/>
    <property name="sun.boot.library.path" value="C:\Users\Siegfried\scoop\apps\adopt8-upstream\current\jre\bin"/>
    <property name="sun.java.command" value="C:\Users\SIEGFR~1\AppData\Local\Temp\surefire776063383441630051\surefirebooter1640292362490997869.jar C:\Users\Siegfried\AppData\Local\Temp\surefire776063383441630051 2020-08-30T22-07-47_886-jvmRun1 surefire1726254519730317477tmp surefire_06723869682453285919tmp"/>
    <property name="surefire.test.class.path" value="C:\Users\Siegfried\Documents\Revature Official\Project testing\target\test-classes;C:\Users\Siegfried\Documents\Revature Official\Project testing\target\classes;C:\Users\Siegfried\.m2\repository\junit\junit\4.12\junit-4.12.jar;C:\Users\Siegfried\.m2\repository\org\hamcrest\hamcrest-core\1.3\hamcrest-core-1.3.jar;C:\Users\Siegfried\.m2\repository\javax\servlet\javax.servlet-api\3.1.0\javax.servlet-api-3.1.0.jar;C:\Users\Siegfried\.m2\repository\org\springframework\spring-webmvc\4.3.27.RELEASE\spring-webmvc-4.3.27.RELEASE.jar;C:\Users\Siegfried\.m2\repository\org\springframework\spring-aop\4.3.27.RELEASE\spring-aop-4.3.27.RELEASE.jar;C:\Users\Siegfried\.m2\repository\org\springframework\spring-beans\4.3.27.RELEASE\spring-beans-4.3.27.RELEASE.jar;C:\Users\Siegfried\.m2\repository\org\springframework\spring-core\4.3.27.RELEASE\spring-core-4.3.27.RELEASE.jar;C:\Users\Siegfried\.m2\repository\commons-logging\commons-logging\1.2\commons-logging-1.2.jar;C:\Users\Siegfried\.m2\repository\org\springframework\spring-expression\4.3.27.RELEASE\spring-expression-4.3.27.RELEASE.jar;C:\Users\Siegfried\.m2\repository\org\springframework\spring-web\4.3.27.RELEASE\spring-web-4.3.27.RELEASE.jar;C:\Users\Siegfried\.m2\repository\org\springframework\spring-test\4.3.27.RELEASE\spring-test-4.3.27.RELEASE.jar;C:\Users\Siegfried\.m2\repository\org\springframework\spring-context\4.3.27.RELEASE\spring-context-4.3.27.RELEASE.jar;C:\Users\Siegfried\.m2\repository\org\springframework\spring-orm\4.3.27.RELEASE\spring-orm-4.3.27.RELEASE.jar;C:\Users\Siegfried\.m2\repository\org\springframework\spring-jdbc\4.3.27.RELEASE\spring-jdbc-4.3.27.RELEASE.jar;C:\Users\Siegfried\.m2\repository\org\springframework\spring-tx\4.3.27.RELEASE\spring-tx-4.3.27.RELEASE.jar;C:\Users\Siegfried\.m2\repository\org\hibernate\hibernate-core\4.3.11.Final\hibernate-core-4.3.11.Final.jar;C:\Users\Siegfried\.m2\repository\org\jboss\logging\jboss-logging\3.1.3.GA\jboss-logging-3.1.3.GA.jar;C:\Users\Siegfried\.m2\repository\org\jboss\logging\jboss-logging-annotations\1.2.0.Beta1\jboss-logging-annotations-1.2.0.Beta1.jar;C:\Users\Siegfried\.m2\repository\org\jboss\spec\javax\transaction\jboss-transaction-api_1.2_spec\1.0.0.Final\jboss-transaction-api_1.2_spec-1.0.0.Final.jar;C:\Users\Siegfried\.m2\repository\dom4j\dom4j\1.6.1\dom4j-1.6.1.jar;C:\Users\Siegfried\.m2\repository\xml-apis\xml-apis\1.0.b2\xml-apis-1.0.b2.jar;C:\Users\Siegfried\.m2\repository\org\hibernate\common\hibernate-commons-annotations\4.0.5.Final\hibernate-commons-annotations-4.0.5.Final.jar;C:\Users\Siegfried\.m2\repository\org\hibernate\javax\persistence\hibernate-jpa-2.1-api\1.0.0.Final\hibernate-jpa-2.1-api-1.0.0.Final.jar;C:\Users\Siegfried\.m2\repository\org\javassist\javassist\3.18.1-GA\javassist-3.18.1-GA.jar;C:\Users\Siegfried\.m2\repository\antlr\antlr\2.7.7\antlr-2.7.7.jar;C:\Users\Siegfried\.m2\repository\org\jboss\jandex\1.1.0.Final\jandex-1.1.0.Final.jar;C:\Users\Siegfried\.m2\repository\org\hibernate\hibernate-entitymanager\4.3.11.Final\hibernate-entitymanager-4.3.11.Final.jar;C:\Users\Siegfried\.m2\repository\org\postgresql\postgresql\42.2.5\postgresql-42.2.5.jar;C:\Users\Siegfried\.m2\repository\commons-dbcp\commons-dbcp\1.4\commons-dbcp-1.4.jar;C:\Users\Siegfried\.m2\repository\commons-pool\commons-pool\1.5.4\commons-pool-1.5.4.jar;C:\Users\Siegfried\.m2\repository\com\fasterxml\jackson\core\jackson-core\2.9.6\jackson-core-2.9.6.jar;C:\Users\Siegfried\.m2\repository\com\fasterxml\jackson\core\jackson-annotations\2.9.6\jackson-annotations-2.9.6.jar;C:\Users\Siegfried\.m2\repository\com\fasterxml\jackson\core\jackson-databind\2.9.6\jackson-databind-2.9.6.jar;"/>
    <property name="sun.cpu.endian" value="little"/>
    <property name="user.home" value="C:\Users\Siegfried"/>
    <property name="user.language" value="en"/>
    <property name="java.specification.vendor" value="Oracle Corporation"/>
    <property name="java.home" value="C:\Users\Siegfried\scoop\apps\adopt8-upstream\current\jre"/>
    <property name="basedir" value="C:\Users\Siegfried\Documents\Revature Official\Project testing"/>
    <property name="file.separator" value="\"/>
    <property name="line.separator" value="&#10;"/>
    <property name="java.vm.specification.vendor" value="Oracle Corporation"/>
    <property name="java.specification.name" value="Java Platform API Specification"/>
    <property name="java.awt.graphicsenv" value="sun.awt.Win32GraphicsEnvironment"/>
    <property name="surefire.real.class.path" value="C:\Users\SIEGFR~1\AppData\Local\Temp\surefire776063383441630051\surefirebooter1640292362490997869.jar"/>
    <property name="sun.boot.class.path" value="C:\Users\Siegfried\scoop\apps\adopt8-upstream\current\jre\lib\resources.jar;C:\Users\Siegfried\scoop\apps\adopt8-upstream\current\jre\lib\rt.jar;C:\Users\Siegfried\scoop\apps\adopt8-upstream\current\jre\lib\sunrsasign.jar;C:\Users\Siegfried\scoop\apps\adopt8-upstream\current\jre\lib\jsse.jar;C:\Users\Siegfried\scoop\apps\adopt8-upstream\current\jre\lib\jce.jar;C:\Users\Siegfried\scoop\apps\adopt8-upstream\current\jre\lib\charsets.jar;C:\Users\Siegfried\scoop\apps\adopt8-upstream\current\jre\lib\jfr.jar;C:\Users\Siegfried\scoop\apps\adopt8-upstream\current\jre\classes"/>
    <property name="user.script" value=""/>
    <property name="sun.management.compiler" value="HotSpot 64-Bit Tiered Compilers"/>
    <property name="java.runtime.version" value="1.8.0_252-b09"/>
    <property name="user.name" value="Siegfried"/>
    <property name="path.separator" value=";"/>
    <property name="os.version" value="10.0"/>
    <property name="java.endorsed.dirs" value="C:\Users\Siegfried\scoop\apps\adopt8-upstream\current\jre\lib\endorsed"/>
    <property name="java.runtime.name" value="OpenJDK Runtime Environment"/>
    <property name="file.encoding" value="Cp1252"/>
    <property name="java.vm.name" value="OpenJDK 64-Bit Server VM"/>
    <property name="localRepository" value="C:\Users\Siegfried\.m2\repository"/>
    <property name="java.vendor.url.bug" value="http://bugreport.sun.com/bugreport/"/>
    <property name="java.io.tmpdir" value="C:\Users\SIEGFR~1\AppData\Local\Temp\"/>
    <property name="java.version" value="1.8.0_252"/>
    <property name="user.dir" value="C:\Users\Siegfried\Documents\Revature Official\Project testing"/>
    <property name="os.arch" value="amd64"/>
    <property name="java.vm.specification.name" value="Java Virtual Machine Specification"/>
    <property name="java.awt.printerjob" value="sun.awt.windows.WPrinterJob"/>
    <property name="sun.os.patch.level" value=""/>
    <property name="java.library.path" value="C:\Users\Siegfried\scoop\apps\adopt8-upstream\current\jre\bin;C:\WINDOWS\Sun\Java\bin;C:\WINDOWS\system32;C:\WINDOWS;C:\Users\Siegfried\bin;C:\Program Files\Git\mingw64\bin;C:\Program Files\Git\usr\local\bin;C:\Program Files\Git\usr\bin;C:\Program Files\Git\usr\bin;C:\Program Files\Git\mingw64\bin;C:\Program Files\Git\usr\bin;C:\Users\Siegfried\bin;C:\Python38\Scripts;C:\Python38;C:\app\Siegfried\product\12.2.0\dbhome_1\bin;C:\Python27;C:\Python27\Scripts;C:\WINDOWS\system32;C:\WINDOWS;C:\WINDOWS\System32\Wbem;C:\WINDOWS\System32\WindowsPowerShell\v1.0;C:\WINDOWS\System32\OpenSSH;C:\ProgramData\chocolatey\bin;C:\HashiCorp\Vagrant\bin;C:\Program Files\Git\cmd;C:\Program Files\Amazon\AWSCLI\bin;C:\Program Files\dotnet;C:\Program Files\Microsoft SQL Server\130\Tools\Binn;C:\Program Files\Microsoft SQL Server\Client SDK\ODBC\170\Tools\Binn;C:\Program Files\nodejs;C:\Program Files\Docker\Docker\resources\bin;C:\ProgramData\DockerDesktop\version-bin;C:\Users\Siegfried\scoop\apps\adopt8-upstream\8u252-b09\bin;C:\Users\Siegfried\scoop\apps\oraclejdk\current\bin;C:\Users\Siegfried\scoop\apps\maven\current\bin;C:\Users\Siegfried\scoop\apps\adopt8-upstream\current\bin;C:\Users\Siegfried\scoop\shims;C:\Users\Siegfried\AppData\Local\Microsoft\WindowsApps;C:\Users\Siegfried\AppData\Local\atom\bin;C:\Python27;C:\Python27\Scripts;C:\Users\Siegfried\.dotnet\tools;C:\Users\Siegfried\AppData\Local\GitHubDesktop\bin;C:\Users\Siegfried\AppData\Local\Programs\Microsoft VS Code\bin;C:\Users\Siegfried\AppData\Roaming\npm;%USERPROFILE%\AppData\Local\Microsoft\WindowsApps;C:\Program Files\Git\usr\bin\vendor_perl;C:\Program Files\Git\usr\bin\core_perl;."/>
    <property name="java.vm.info" value="mixed mode"/>
    <property name="java.vendor" value="Oracle Corporation"/>
    <property name="java.vm.version" value="25.252-b09"/>
    <property name="java.ext.dirs" value="C:\Users\Siegfried\scoop\apps\adopt8-upstream\current\jre\lib\ext;C:\WINDOWS\Sun\Java\lib\ext"/>
    <property name="sun.io.unicode.encoding" value="UnicodeLittle"/>
    <property name="java.class.version" value="52.0"/>
  </properties>
  <testcase name="testGetUsernameByUserId" classname="com.ex.web.services.UserServiceTest" time="16.764"/>
  <testcase name="testCreateAccount" classname="com.ex.web.services.UserServiceTest" time="16.565"/>
  <testcase name="testUpdateEmail" classname="com.ex.web.services.UserServiceTest" time="16.261"/>
  <testcase name="testLogin" classname="com.ex.web.services.UserServiceTest" time="16.009"/>
  <testcase name="testGetById" classname="com.ex.web.services.UserServiceTest" time="15.988"/>
  <testcase name="testGetByUsername" classname="com.ex.web.services.UserServiceTest" time="16.089"/>
  <testcase name="testGetUserIdByUsername" classname="com.ex.web.services.UserServiceTest" time="16.028"/>
</testsuite>